[debug] [2018-10-28T02:32:21.983Z] ----------------------------------------------------------------------
[debug] [2018-10-28T02:32:21.986Z] Command:       C:\Program Files\nodejs\node.exe C:\Users\monkeytech\AppData\Roaming\npm\node_modules\firebase-tools\lib\bin\firebase.js serve
[debug] [2018-10-28T02:32:21.988Z] CLI Version:   6.0.0
[debug] [2018-10-28T02:32:21.988Z] Platform:      win32
[debug] [2018-10-28T02:32:21.988Z] Node Version:  v6.9.2
[debug] [2018-10-28T02:32:21.988Z] Time:          Sat Oct 27 2018 23:32:21 GMT-0300 (SA Eastern Standard Time)
[debug] [2018-10-28T02:32:21.988Z] ----------------------------------------------------------------------
[debug] 
[debug] [2018-10-28T02:32:22.004Z] > command requires scopes: ["email","openid","https://www.googleapis.com/auth/cloudplatformprojects.readonly","https://www.googleapis.com/auth/firebase","https://www.googleapis.com/auth/cloud-platform"]
[debug] [2018-10-28T02:32:22.004Z] > authorizing via signed-in user
[debug] [2018-10-28T02:32:22.005Z] [iam] checking project cv-takhai for permissions ["firebase.projects.get"]
[debug] [2018-10-28T02:32:22.007Z] >>> HTTP REQUEST POST https://cloudresourcemanager.googleapis.com/v1/projects/cv-takhai:testIamPermissions  

[debug] [2018-10-28T02:32:23.604Z] <<< HTTP RESPONSE 200
[debug] [2018-10-28T02:32:23.607Z] >>> HTTP REQUEST GET https://cloudresourcemanager.googleapis.com/v1/projects/cv-takhai  
 
[debug] [2018-10-28T02:32:24.887Z] <<< HTTP RESPONSE 200
[info] 
[info] === Serving from 'C:\Users\monkeytech\GO_Workspace\src\github.com\takhai\cvTakhai'...
[info] 
[debug] [2018-10-28T02:32:24.897Z] >>> HTTP REQUEST GET https://mobilesdk-pa.googleapis.com/v1/projects/686266811394/clients/_:getWebAppConfig  
 
[debug] [2018-10-28T02:32:26.152Z] <<< HTTP RESPONSE 200
[info] i  hosting: Serving hosting files from: public
[info] +  hosting: Local server: http://localhost:5000
